c:\users\freenos\source\repos\sophonc\sophonc\debug\customslice.obj
c:\users\freenos\source\repos\sophonc\sophonc\debug\mainfunction.obj
c:\users\freenos\source\repos\sophonc\sophonc\debug\remotecmd.obj
c:\users\freenos\source\repos\sophonc\sophonc\debug\sophonc.obj
c:\users\freenos\source\repos\sophonc\sophonc\debug\chooselocalfile.obj
c:\users\freenos\source\repos\sophonc\sophonc\debug\filesend.obj
c:\users\freenos\source\repos\sophonc\sophonc\debug\linkermanager.obj
c:\users\freenos\source\repos\sophonc\sophonc\debug\networkserver.obj
c:\users\freenos\source\repos\sophonc\sophonc\debug\choosepath.obj
c:\users\freenos\source\repos\sophonc\sophonc\debug\linker.obj
c:\users\freenos\source\repos\sophonc\sophonc\debug\main.obj
c:\users\freenos\source\repos\sophonc\sophonc\debug\ringbuffer.obj
c:\users\freenos\source\repos\sophonc\sophonc\debug\basisfunction.obj
c:\users\freenos\source\repos\sophonc\sophonc\debug\iocpserver.obj
c:\users\freenos\source\repos\sophonc\sophonc\debug\remotecapture.obj
c:\users\freenos\source\repos\sophonc\sophonc\debug\threadofremotecapture.obj
c:\users\freenos\source\repos\sophonc\sophonc\debug\vc141.pdb
c:\users\freenos\source\repos\sophonc\sophonc\debug\moc_basisfunction.obj
c:\users\freenos\source\repos\sophonc\sophonc\debug\moc_choosepath.obj
c:\users\freenos\source\repos\sophonc\sophonc\debug\moc_filesend.obj
c:\users\freenos\source\repos\sophonc\sophonc\debug\moc_remotecmd.obj
c:\users\freenos\source\repos\sophonc\sophonc\debug\moc_iocpserver.obj
c:\users\freenos\source\repos\sophonc\sophonc\debug\moc_chooselocalfile.obj
c:\users\freenos\source\repos\sophonc\sophonc\debug\moc_networkserver.obj
c:\users\freenos\source\repos\sophonc\sophonc\debug\qrc_sophonc.obj
c:\users\freenos\source\repos\sophonc\sophonc\debug\moc_customslice.obj
c:\users\freenos\source\repos\sophonc\sophonc\debug\moc_linkermanager.obj
c:\users\freenos\source\repos\sophonc\sophonc\debug\moc_remotecapture.obj
c:\users\freenos\source\repos\sophonc\sophonc\debug\moc_sophonc.obj
c:\users\freenos\source\repos\sophonc\sophonc\debug\moc_mainfunction.obj
c:\users\freenos\source\repos\sophonc\sophonc\debug\moc_threadofremotecapture.obj
c:\users\freenos\source\repos\sophonc\win32\debug\sophonc.exe
c:\users\freenos\source\repos\sophonc\win32\debug\sophonc.ilk
c:\users\freenos\source\repos\sophonc\win32\debug\sophonc.pdb
c:\users\freenos\source\repos\sophonc\sophonc\.\generatedfiles\debug\moc_sophonc.cpp
c:\users\freenos\source\repos\sophonc\sophonc\.\generatedfiles\debug\moc_basisfunction.cpp
c:\users\freenos\source\repos\sophonc\sophonc\.\generatedfiles\debug\moc_customslice.cpp
c:\users\freenos\source\repos\sophonc\sophonc\.\generatedfiles\debug\moc_choosepath.cpp
c:\users\freenos\source\repos\sophonc\sophonc\.\generatedfiles\debug\moc_chooselocalfile.cpp
c:\users\freenos\source\repos\sophonc\sophonc\.\generatedfiles\debug\moc_filesend.cpp
c:\users\freenos\source\repos\sophonc\sophonc\.\generatedfiles\debug\moc_mainfunction.cpp
c:\users\freenos\source\repos\sophonc\sophonc\.\generatedfiles\debug\moc_networkserver.cpp
c:\users\freenos\source\repos\sophonc\sophonc\.\generatedfiles\debug\moc_remotecapture.cpp
c:\users\freenos\source\repos\sophonc\sophonc\.\generatedfiles\debug\moc_remotecmd.cpp
c:\users\freenos\source\repos\sophonc\sophonc\.\generatedfiles\debug\moc_threadofremotecapture.cpp
c:\users\freenos\source\repos\sophonc\sophonc\debug\sophonc.res
c:\users\freenos\source\repos\sophonc\sophonc\.\generatedfiles\qrc_sophonc.cpp
c:\users\freenos\source\repos\sophonc\sophonc\generatedfiles\ui_chooselocalfile.h
c:\users\freenos\source\repos\sophonc\sophonc\generatedfiles\ui_choosepath.h
c:\users\freenos\source\repos\sophonc\sophonc\generatedfiles\ui_filesend.h
c:\users\freenos\source\repos\sophonc\sophonc\generatedfiles\ui_networkserver.h
c:\users\freenos\source\repos\sophonc\sophonc\generatedfiles\ui_remotecapture.h
c:\users\freenos\source\repos\sophonc\sophonc\generatedfiles\ui_remotecmd.h
c:\users\freenos\source\repos\sophonc\sophonc\generatedfiles\ui_sophonc.h
c:\users\freenos\source\repos\sophonc\sophonc\generatedfiles\qrc_sophonc.cpp
c:\users\freenos\source\repos\sophonc\sophonc\generatedfiles\debug\moc_sophonc.cpp
c:\users\freenos\source\repos\sophonc\sophonc\generatedfiles\debug\moc_iocpserver.cpp
c:\users\freenos\source\repos\sophonc\sophonc\generatedfiles\debug\moc_basisfunction.cpp
c:\users\freenos\source\repos\sophonc\sophonc\generatedfiles\debug\moc_customslice.cpp
c:\users\freenos\source\repos\sophonc\sophonc\generatedfiles\debug\moc_choosepath.cpp
c:\users\freenos\source\repos\sophonc\sophonc\generatedfiles\debug\moc_chooselocalfile.cpp
c:\users\freenos\source\repos\sophonc\sophonc\generatedfiles\debug\moc_filesend.cpp
c:\users\freenos\source\repos\sophonc\sophonc\generatedfiles\debug\moc_mainfunction.cpp
c:\users\freenos\source\repos\sophonc\sophonc\generatedfiles\debug\moc_linkermanager.cpp
c:\users\freenos\source\repos\sophonc\sophonc\generatedfiles\debug\moc_networkserver.cpp
c:\users\freenos\source\repos\sophonc\sophonc\generatedfiles\debug\moc_remotecapture.cpp
c:\users\freenos\source\repos\sophonc\sophonc\generatedfiles\debug\moc_remotecmd.cpp
c:\users\freenos\source\repos\sophonc\sophonc\generatedfiles\debug\moc_threadofremotecapture.cpp
c:\users\freenos\source\repos\sophonc\sophonc\.\generatedfiles\ui_chooselocalfile.h
c:\users\freenos\source\repos\sophonc\sophonc\.\generatedfiles\ui_choosepath.h
c:\users\freenos\source\repos\sophonc\sophonc\.\generatedfiles\ui_filesend.h
c:\users\freenos\source\repos\sophonc\sophonc\.\generatedfiles\ui_networkserver.h
c:\users\freenos\source\repos\sophonc\sophonc\.\generatedfiles\ui_remotecapture.h
c:\users\freenos\source\repos\sophonc\sophonc\.\generatedfiles\ui_remotecmd.h
c:\users\freenos\source\repos\sophonc\sophonc\.\generatedfiles\ui_sophonc.h
c:\users\freenos\source\repos\sophonc\sophonc\debug\sophonc.tlog\cl.command.1.tlog
c:\users\freenos\source\repos\sophonc\sophonc\debug\sophonc.tlog\cl.read.1.tlog
c:\users\freenos\source\repos\sophonc\sophonc\debug\sophonc.tlog\cl.write.1.tlog
c:\users\freenos\source\repos\sophonc\sophonc\debug\sophonc.tlog\link.command.1.tlog
c:\users\freenos\source\repos\sophonc\sophonc\debug\sophonc.tlog\link.read.1.tlog
c:\users\freenos\source\repos\sophonc\sophonc\debug\sophonc.tlog\link.write.1.tlog
c:\users\freenos\source\repos\sophonc\sophonc\debug\sophonc.tlog\moc.read.1u.tlog
c:\users\freenos\source\repos\sophonc\sophonc\debug\sophonc.tlog\moc.write.1u.tlog
c:\users\freenos\source\repos\sophonc\sophonc\debug\sophonc.tlog\rc.command.1.tlog
c:\users\freenos\source\repos\sophonc\sophonc\debug\sophonc.tlog\rc.read.1.tlog
c:\users\freenos\source\repos\sophonc\sophonc\debug\sophonc.tlog\rc.write.1.tlog
c:\users\freenos\source\repos\sophonc\sophonc\debug\sophonc.tlog\rcc.read.1u.tlog
c:\users\freenos\source\repos\sophonc\sophonc\debug\sophonc.tlog\rcc.write.1u.tlog
c:\users\freenos\source\repos\sophonc\sophonc\debug\sophonc.tlog\sophonc.write.1u.tlog
c:\users\freenos\source\repos\sophonc\sophonc\debug\sophonc.tlog\uic.read.1u.tlog
c:\users\freenos\source\repos\sophonc\sophonc\debug\sophonc.tlog\uic.write.1u.tlog
