  Uic'ing Ui\ChooseLocalFile.ui...
  Uic'ing Ui\ChoosePath.ui...
  Uic'ing Ui\FileSend.ui...
  Uic'ing Ui\NetworkServer.ui...
  Uic'ing Ui\RemoteCapture.ui...
  Uic'ing Ui\RemoteCmd.ui...
  Uic'ing Ui\SophonC.ui...
  Rcc'ing SophonC.qrc...
  Moc'ing SophonC.h...
  Moc'ing Funtion_Cmd\RemoteCmd.h...
  Moc'ing Function_File\ChooseLocalFile.h...
  Moc'ing Function_File\ChoosePath.h...
  Moc'ing Function_File\FileSend.h...
  Moc'ing Funtion_Network\CustomSlice.h...
  Moc'ing BasisFunction\BasisFunction.h...
  Moc'ing Funtion_Network\NetworkServer.h...
  Moc'ing Funtion_Network\RemoteCapture.h...
  Moc'ing Funtion_Network\ThreadOfRemoteCapture.h...
  Moc'ing IOCP\LinkerManager.h...
  BasisFunction.cpp
  MainFunction.cpp
  ChooseLocalFile.cpp
  ChoosePath.cpp
  FileSend.cpp
  RemoteCmd.cpp
  CustomSlice.cpp
  NetworkServer.cpp
  RemoteCapture.cpp
  ThreadOfRemoteCapture.cpp
  IocpServer.cpp
  Linker.cpp
  LinkerManager.cpp
  RingBuffer.cpp
  main.cpp
  SophonC.cpp
  moc_IocpServer.cpp
  moc_MainFunction.cpp
  qrc_SophonC.cpp
  moc_SophonC.cpp
  moc_RemoteCmd.cpp
  moc_ChooseLocalFile.cpp
  moc_ChoosePath.cpp
  moc_FileSend.cpp
  moc_CustomSlice.cpp
  moc_BasisFunction.cpp
  moc_NetworkServer.cpp
  moc_RemoteCapture.cpp
  moc_ThreadOfRemoteCapture.cpp
  moc_LinkerManager.cpp
  SophonC.vcxproj -> C:\Users\freenos\Desktop\毕设\SophonC\Win32\Debug\SophonC.exe
